<?xml version="1.0" encoding="UTF-8"?>
<!-- Generated by org.testng.reporters.JUnitXMLReporter -->
<testsuite hostname="H030VT" ignored="0" name="MultipleTests" tests="3" failures="1" timestamp="04 Jun 2019 20:20:48 GMT" time="0.019" errors="0">
  <testcase name="z_test" time="0.003" classname="Selenium.MultipleTests">
    <failure type="java.lang.AssertionError" message="null">
      <![CDATA[java.lang.AssertionError: null
at Selenium.MultipleTests.z_test(MultipleTests.java:15)
... Removed 27 stack frames]]>
    </failure>
  </testcase> <!-- z_test -->
  <testcase name="t_test" time="0.007" classname="Selenium.MultipleTests">
    <skipped/>
  </testcase> <!-- t_test -->
  <testcase name="a_test" time="0.003" classname="Selenium.MultipleTests"/>
</testsuite> <!-- MultipleTests -->
