<?xml version="1.0" encoding="UTF-8"?>
<!-- Generated by org.testng.reporters.JUnitXMLReporter -->
<testsuite hostname="H030VT" ignored="0" name="Test" tests="11" failures="6" timestamp="04 Jun 2019 18:49:26 GMT" time="126.128" errors="0">
  <testcase name="@BeforeMethod titlecheck" time="0.02" classname="Selenium.exercise">
    <failure type="java.lang.AssertionError" message="expected:&amp;lt;demo.guru99.com&amp;gt; but was:&amp;lt;Welcome: Mercury Tours&amp;gt;">
      <![CDATA[java.lang.AssertionError: expected:<demo.guru99.com> but was:<Welcome: Mercury Tours>
at Selenium.exercise.titlecheck(exercise.java:65)
... Removed 30 stack frames]]>
    </failure>
  </testcase> <!-- @BeforeMethod titlecheck -->
  <testcase name="@AfterMethod titlecheck1" time="0.0" classname="Selenium.exercise">
    <skipped/>
  </testcase> <!-- @AfterMethod titlecheck1 -->
  <testcase name="@BeforeMethod titlecheck" time="0.0" classname="Selenium.exercise">
    <skipped/>
  </testcase> <!-- @BeforeMethod titlecheck -->
  <testcase name="@AfterMethod titlecheck1" time="0.0" classname="Selenium.exercise">
    <skipped/>
  </testcase> <!-- @AfterMethod titlecheck1 -->
  <testcase name="@BeforeMethod titlecheck" time="0.0" classname="Selenium.exercise">
    <skipped/>
  </testcase> <!-- @BeforeMethod titlecheck -->
  <testcase name="@AfterMethod titlecheck1" time="0.0" classname="Selenium.exercise">
    <skipped/>
  </testcase> <!-- @AfterMethod titlecheck1 -->
  <testcase name="@AfterClass closetab" time="0.0" classname="Selenium.exercise">
    <skipped/>
  </testcase> <!-- @AfterClass closetab -->
  <testcase name="frames" time="21.342" classname="Selenium.basics">
    <failure type="org.openqa.selenium.NoSuchFrameException" message="No frame element found by name or id classFrame
Build info: version: &amp;apos;3.141.59&amp;apos;, revision: &amp;apos;e82be7d358&amp;apos;, time: &amp;apos;2018-11-14T08:25:48&amp;apos;
System info: host: &amp;apos;H030VT&amp;apos;, ip: &amp;apos;172.16.20.100&amp;apos;, os.name: &amp;apos;Windows 7&amp;apos;, os.arch: &amp;apos;x86&amp;apos;, os.version: &amp;apos;6.1&amp;apos;, java.version: &amp;apos;1.8.0_181&amp;apos;
Driver info: driver.version: unknown">
      <![CDATA[org.openqa.selenium.NoSuchFrameException: No frame element found by name or id classFrame
Build info: version: '3.141.59', revision: 'e82be7d358', time: '2018-11-14T08:25:48'
System info: host: 'H030VT', ip: '172.16.20.100', os.name: 'Windows 7', os.arch: 'x86', os.version: '6.1', java.version: '1.8.0_181'
Driver info: driver.version: unknown
at org.openqa.selenium.remote.RemoteWebDriver$RemoteTargetLocator.frame(RemoteWebDriver.java:885)
at Selenium.basics.frames(basics.java:32)
... Removed 25 stack frames]]>
    </failure>
  </testcase> <!-- frames -->
  <testcase name="titlecheck" time="25.923" classname="Selenium.TitleCheck">
    <failure type="java.lang.AssertionError" message="expected:&amp;lt;demo.guru99.com&amp;gt; but was:&amp;lt;Select Date from DatePicker Demo Page&amp;gt;">
      <![CDATA[java.lang.AssertionError: expected:<demo.guru99.com> but was:<Select Date from DatePicker Demo Page>
at Selenium.TitleCheck.titlecheck(TitleCheck.java:23)
... Removed 27 stack frames]]>
    </failure>
  </testcase> <!-- titlecheck -->
  <testcase name="titlecheck" time="0.024" classname="Selenium.otherAnnotations">
    <failure type="java.lang.AssertionError" message="expected:&amp;lt;demo.guru99.com&amp;gt; but was:&amp;lt;Welcome: Mercury Tours&amp;gt;">
      <![CDATA[java.lang.AssertionError: expected:<demo.guru99.com> but was:<Welcome: Mercury Tours>
at Selenium.otherAnnotations.titlecheck(otherAnnotations.java:35)
... Removed 27 stack frames]]>
    </failure>
  </testcase> <!-- titlecheck -->
  <testcase name="z_test" time="0.001" classname="Selenium.MultipleTests">
    <failure type="java.lang.AssertionError">
      <![CDATA[java.lang.AssertionError: 
at Selenium.MultipleTests.z_test(MultipleTests.java:12)
... Removed 27 stack frames]]>
    </failure>
  </testcase> <!-- z_test -->
  <testcase name="homePage" time="0.0" classname="Selenium.exercise">
    <skipped/>
  </testcase> <!-- homePage -->
  <testcase name="dropdown" time="21.151" classname="Selenium.basics">
    <failure type="org.openqa.selenium.NoSuchElementException" message="no such element: Unable to locate element: {&amp;quot;method&amp;quot;:&amp;quot;xpath&amp;quot;,&amp;quot;selector&amp;quot;:&amp;quot;//select[@name=&amp;apos;country&amp;apos;]&amp;quot;}
  (Session info: chrome=74.0.3729.169)
  (Driver info: chromedriver=2.41.578737 (49da6702b16031c40d63e5618de03a32ff6c197e),platform=Windows NT 6.1.7601 SP1 x86_64) (WARNING: The server did not provide any stacktrace information)
Command duration or timeout: 0 milliseconds
For documentation on this error, please visit: https://www.seleniumhq.org/exceptions/no_such_element.html
Build info: version: &amp;apos;3.141.59&amp;apos;, revision: &amp;apos;e82be7d358&amp;apos;, time: &amp;apos;2018-11-14T08:25:48&amp;apos;
System info: host: &amp;apos;H030VT&amp;apos;, ip: &amp;apos;172.16.20.100&amp;apos;, os.name: &amp;apos;Windows 7&amp;apos;, os.arch: &amp;apos;x86&amp;apos;, os.version: &amp;apos;6.1&amp;apos;, java.version: &amp;apos;1.8.0_181&amp;apos;
Driver info: org.openqa.selenium.chrome.ChromeDriver
Capabilities {acceptInsecureCerts: false, acceptSslCerts: false, applicationCacheEnabled: false, browserConnectionEnabled: false, browserName: chrome, chrome: {chromedriverVersion: 2.41.578737 (49da6702b16031..., userDataDir: C:\Users\ST307_~1.MCI\AppDa...}, cssSelectorsEnabled: true, databaseEnabled: false, goog:chromeOptions: {debuggerAddress: localhost:57864}, handlesAlerts: true, hasTouchScreen: false, javascriptEnabled: true, locationContextEnabled: true, mobileEmulationEnabled: false, nativeEvents: true, networkConnectionEnabled: false, pageLoadStrategy: normal, platform: XP, platformName: XP, rotatable: false, setWindowRect: true, takesHeapSnapshot: true, takesScreenshot: true, unexpectedAlertBehaviour: , unhandledPromptBehavior: , version: 74.0.3729.169, webStorageEnabled: true}
Session ID: e53c02b40d544cfd16aece174e59c050
*** Element info: {Using=xpath, value=//select[@name=&amp;apos;country&amp;apos;]}">
      <![CDATA[org.openqa.selenium.NoSuchElementException: no such element: Unable to locate element: {"method":"xpath","selector":"//select[@name='country']"}
  (Session info: chrome=74.0.3729.169)
  (Driver info: chromedriver=2.41.578737 (49da6702b16031c40d63e5618de03a32ff6c197e),platform=Windows NT 6.1.7601 SP1 x86_64) (WARNING: The server did not provide any stacktrace information)
Command duration or timeout: 0 milliseconds
For documentation on this error, please visit: https://www.seleniumhq.org/exceptions/no_such_element.html
Build info: version: '3.141.59', revision: 'e82be7d358', time: '2018-11-14T08:25:48'
System info: host: 'H030VT', ip: '172.16.20.100', os.name: 'Windows 7', os.arch: 'x86', os.version: '6.1', java.version: '1.8.0_181'
Driver info: org.openqa.selenium.chrome.ChromeDriver
Capabilities {acceptInsecureCerts: false, acceptSslCerts: false, applicationCacheEnabled: false, browserConnectionEnabled: false, browserName: chrome, chrome: {chromedriverVersion: 2.41.578737 (49da6702b16031..., userDataDir: C:\Users\ST307_~1.MCI\AppDa...}, cssSelectorsEnabled: true, databaseEnabled: false, goog:chromeOptions: {debuggerAddress: localhost:57864}, handlesAlerts: true, hasTouchScreen: false, javascriptEnabled: true, locationContextEnabled: true, mobileEmulationEnabled: false, nativeEvents: true, networkConnectionEnabled: false, pageLoadStrategy: normal, platform: XP, platformName: XP, rotatable: false, setWindowRect: true, takesHeapSnapshot: true, takesScreenshot: true, unexpectedAlertBehaviour: , unhandledPromptBehavior: , version: 74.0.3729.169, webStorageEnabled: true}
Session ID: e53c02b40d544cfd16aece174e59c050
*** Element info: {Using=xpath, value=//select[@name='country']}
at org.openqa.selenium.remote.ErrorHandler.createThrowable(ErrorHandler.java:214)
at org.openqa.selenium.remote.ErrorHandler.throwIfResponseFailed(ErrorHandler.java:166)
at org.openqa.selenium.remote.http.JsonHttpResponseCodec.reconstructValue(JsonHttpResponseCodec.java:40)
at org.openqa.selenium.remote.http.AbstractHttpResponseCodec.decode(AbstractHttpResponseCodec.java:80)
at org.openqa.selenium.remote.http.AbstractHttpResponseCodec.decode(AbstractHttpResponseCodec.java:44)
at org.openqa.selenium.remote.HttpCommandExecutor.execute(HttpCommandExecutor.java:158)
at org.openqa.selenium.remote.service.DriverCommandExecutor.execute(DriverCommandExecutor.java:83)
at org.openqa.selenium.remote.RemoteWebDriver.execute(RemoteWebDriver.java:552)
at org.openqa.selenium.remote.RemoteWebDriver.findElement(RemoteWebDriver.java:323)
at org.openqa.selenium.remote.RemoteWebDriver.findElementByXPath(RemoteWebDriver.java:428)
at org.openqa.selenium.By$ByXPath.findElement(By.java:353)
at org.openqa.selenium.remote.RemoteWebDriver.findElement(RemoteWebDriver.java:315)
at Selenium.basics.dropdown(basics.java:48)
... Removed 29 stack frames]]>
    </failure>
  </testcase> <!-- dropdown -->
  <testcase name="homePage" time="0.022" classname="Selenium.otherAnnotations">
    <failure type="org.openqa.selenium.NoSuchElementException" message="no such element: Unable to locate element: {&amp;quot;method&amp;quot;:&amp;quot;xpath&amp;quot;,&amp;quot;selector&amp;quot;:&amp;quot;//a[contains(text(),&amp;apos;Home&amp;apos;)]&amp;quot;}
  (Session info: chrome=74.0.3729.169)
  (Driver info: chromedriver=2.41.578737 (49da6702b16031c40d63e5618de03a32ff6c197e),platform=Windows NT 6.1.7601 SP1 x86_64) (WARNING: The server did not provide any stacktrace information)
Command duration or timeout: 0 milliseconds
For documentation on this error, please visit: https://www.seleniumhq.org/exceptions/no_such_element.html
Build info: version: &amp;apos;3.141.59&amp;apos;, revision: &amp;apos;e82be7d358&amp;apos;, time: &amp;apos;2018-11-14T08:25:48&amp;apos;
System info: host: &amp;apos;H030VT&amp;apos;, ip: &amp;apos;172.16.20.100&amp;apos;, os.name: &amp;apos;Windows 7&amp;apos;, os.arch: &amp;apos;x86&amp;apos;, os.version: &amp;apos;6.1&amp;apos;, java.version: &amp;apos;1.8.0_181&amp;apos;
Driver info: org.openqa.selenium.chrome.ChromeDriver
Capabilities {acceptInsecureCerts: false, acceptSslCerts: false, applicationCacheEnabled: false, browserConnectionEnabled: false, browserName: chrome, chrome: {chromedriverVersion: 2.41.578737 (49da6702b16031..., userDataDir: C:\Users\ST307_~1.MCI\AppDa...}, cssSelectorsEnabled: true, databaseEnabled: false, goog:chromeOptions: {debuggerAddress: localhost:57889}, handlesAlerts: true, hasTouchScreen: false, javascriptEnabled: true, locationContextEnabled: true, mobileEmulationEnabled: false, nativeEvents: true, networkConnectionEnabled: false, pageLoadStrategy: normal, platform: XP, platformName: XP, rotatable: false, setWindowRect: true, takesHeapSnapshot: true, takesScreenshot: true, unexpectedAlertBehaviour: , unhandledPromptBehavior: , version: 74.0.3729.169, webStorageEnabled: true}
Session ID: 41c2101032d0035b4a10fed43d508648
*** Element info: {Using=xpath, value=//a[contains(text(),&amp;apos;Home&amp;apos;)]}">
      <![CDATA[org.openqa.selenium.NoSuchElementException: no such element: Unable to locate element: {"method":"xpath","selector":"//a[contains(text(),'Home')]"}
  (Session info: chrome=74.0.3729.169)
  (Driver info: chromedriver=2.41.578737 (49da6702b16031c40d63e5618de03a32ff6c197e),platform=Windows NT 6.1.7601 SP1 x86_64) (WARNING: The server did not provide any stacktrace information)
Command duration or timeout: 0 milliseconds
For documentation on this error, please visit: https://www.seleniumhq.org/exceptions/no_such_element.html
Build info: version: '3.141.59', revision: 'e82be7d358', time: '2018-11-14T08:25:48'
System info: host: 'H030VT', ip: '172.16.20.100', os.name: 'Windows 7', os.arch: 'x86', os.version: '6.1', java.version: '1.8.0_181'
Driver info: org.openqa.selenium.chrome.ChromeDriver
Capabilities {acceptInsecureCerts: false, acceptSslCerts: false, applicationCacheEnabled: false, browserConnectionEnabled: false, browserName: chrome, chrome: {chromedriverVersion: 2.41.578737 (49da6702b16031..., userDataDir: C:\Users\ST307_~1.MCI\AppDa...}, cssSelectorsEnabled: true, databaseEnabled: false, goog:chromeOptions: {debuggerAddress: localhost:57889}, handlesAlerts: true, hasTouchScreen: false, javascriptEnabled: true, locationContextEnabled: true, mobileEmulationEnabled: false, nativeEvents: true, networkConnectionEnabled: false, pageLoadStrategy: normal, platform: XP, platformName: XP, rotatable: false, setWindowRect: true, takesHeapSnapshot: true, takesScreenshot: true, unexpectedAlertBehaviour: , unhandledPromptBehavior: , version: 74.0.3729.169, webStorageEnabled: true}
Session ID: 41c2101032d0035b4a10fed43d508648
*** Element info: {Using=xpath, value=//a[contains(text(),'Home')]}
at org.openqa.selenium.remote.ErrorHandler.createThrowable(ErrorHandler.java:214)
at org.openqa.selenium.remote.ErrorHandler.throwIfResponseFailed(ErrorHandler.java:166)
at org.openqa.selenium.remote.http.JsonHttpResponseCodec.reconstructValue(JsonHttpResponseCodec.java:40)
at org.openqa.selenium.remote.http.AbstractHttpResponseCodec.decode(AbstractHttpResponseCodec.java:80)
at org.openqa.selenium.remote.http.AbstractHttpResponseCodec.decode(AbstractHttpResponseCodec.java:44)
at org.openqa.selenium.remote.HttpCommandExecutor.execute(HttpCommandExecutor.java:158)
at org.openqa.selenium.remote.service.DriverCommandExecutor.execute(DriverCommandExecutor.java:83)
at org.openqa.selenium.remote.RemoteWebDriver.execute(RemoteWebDriver.java:552)
at org.openqa.selenium.remote.RemoteWebDriver.findElement(RemoteWebDriver.java:323)
at org.openqa.selenium.remote.RemoteWebDriver.findElementByXPath(RemoteWebDriver.java:428)
at org.openqa.selenium.By$ByXPath.findElement(By.java:353)
at org.openqa.selenium.remote.RemoteWebDriver.findElement(RemoteWebDriver.java:315)
at Selenium.otherAnnotations.homePage(otherAnnotations.java:39)
... Removed 29 stack frames]]>
    </failure>
  </testcase> <!-- homePage -->
  <testcase name="t_test" time="0.0" classname="Selenium.MultipleTests">
    <skipped/>
  </testcase> <!-- t_test -->
  <testcase name="hotel" time="0.0" classname="Selenium.exercise">
    <skipped/>
  </testcase> <!-- hotel -->
  <testcase name="a_test" time="0.001" classname="Selenium.MultipleTests"/>
  <testcase name="vacations" time="0.0" classname="Selenium.exercise">
    <skipped/>
  </testcase> <!-- vacations -->
</testsuite> <!-- Test -->
